  main.cpp
C:\Users\jakub\Desktop\Astro\AstroGame\main.cpp(167,37): warning C4244: "argument": konwersja z "float" do "T", możliwa utrata danych
          with
          [
              T=int
          ]
C:\Users\jakub\Desktop\Astro\AstroGame\main.cpp(283,12): warning C4244: "argument": konwersja z "time_t" do "unsigned int", możliwa utrata danych
C:\Users\jakub\Desktop\Astro\AstroGame\main.cpp(467,32): warning C4244: "argument": konwersja z "int" do "float", możliwa utrata danych
C:\Users\jakub\Desktop\Astro\AstroGame\main.cpp(477,32): warning C4244: "argument": konwersja z "int" do "float", możliwa utrata danych
C:\Users\jakub\Desktop\Astro\AstroGame\main.cpp(567,39): warning C4244: "argument": konwersja z "float" do "T", możliwa utrata danych
          with
          [
              T=int
          ]
  Trwa generowanie kodu
  3 of 302 functions ( 1.0%) were compiled, the rest were copied from previous compilation.
    2 functions were new in current compilation
    42 functions had inline decision re-evaluated but remain unchanged
  Zakończono generowanie kodu
  AstroGame.vcxproj -> C:\Users\jakub\Desktop\Astro\AstroGame\x64\Release\AstroGame.exe
